MPASM  5.51                   PRUEBA_LEDS.ASM   3-5-2019  6:46:51         PAGE  1


LOC  OBJECT CODE     LINE SOURCE TEXT
  VALUE

                      00001         processor 16f877
                      00002         include <p16f877.inc>
                      00001         LIST
                      00002 
                      00003 ;==========================================================================
                      00004 ;  MPASM PIC16F877 processor include
                      00005 ; 
                      00006 ;  (c) Copyright 1999-2013 Microchip Technology, All rights reserved
                      00007 ;==========================================================================
                      00008 
Message[301]: MESSAGE: (Processor-header file mismatch.  Verify selected processor.)
                      00540         LIST
                      00003 
0000                  00004         org 0
0000   2805           00005         goto inicio
0005                  00006         org 5
                      00007         
  00000022            00008 contador EQU 0x22
  00000021            00009 entrada EQU 0x21
                      00010         
0005                  00011 inicio:
0005   1683           00012         bsf STATUS, 5
0006   3007           00013         movlw 0x07
Message[302]: Register in operand not in bank 0.  Ensure that bank bits are correct.
0007   0088           00014         movwf TRISD
0008   3000           00015         movlw 0
Message[302]: Register in operand not in bank 0.  Ensure that bank bits are correct.
0009   0086           00016         movwf TRISB
000A   3007           00017         movlw 0x07
Message[302]: Register in operand not in bank 0.  Ensure that bank bits are correct.
000B   009F           00018         movwf ADCON1
                      00019         
000C                  00020 lecturaEntrada:
000C   1283           00021         bcf STATUS, 5
000D   0088           00022         movwf PORTD 
000E   00A1           00023         movwf entrada
000F   3007           00024         movlw 0x07
0010   05A1           00025         andwf entrada, 1 
                      00026         
0011   3001           00027         movlw 0x01
0012   0621           00028         xorwf entrada, 0
0013   1903           00029         btfsc STATUS, Z
0014   281F           00030         goto corrimientoD
                      00031         
0015   3002           00032         movlw 0x02
0016   0621           00033         xorwf entrada, 0
0017   1903           00034         btfsc STATUS, Z
0018   2828           00035         goto corrimientoI
                      00036         
0019   3003           00037         movlw 0x03
001A   0621           00038         xorwf entrada, 0
001B   1903           00039         btfsc STATUS, Z
001C   2836           00040         goto centro
MPASM  5.51                   PRUEBA_LEDS.ASM   3-5-2019  6:46:51         PAGE  2


LOC  OBJECT CODE     LINE SOURCE TEXT
  VALUE

                      00041         
001D   203F           00042         call parpadeo
001E   280C           00043         goto lecturaEntrada
                      00044         
001F                  00045 corrimientoD:
001F   1403           00046         bsf STATUS, C
0020   3080           00047         movlw 0x80
0021   0086           00048         movwf PORTB     
0022   2046           00049         call retardo
0023                  00050 loop:
0023   0C86           00051         rrf 0x06, 1 ; 0x06 es PORTB
0024   2046           00052         call retardo
0025   1C06           00053         btfss PORTB, 0
0026   2823           00054         goto loop
                      00055         
0027   280C           00056         goto lecturaEntrada
                      00057         
0028                  00058 corrimientoI:
0028   1403           00059         bsf STATUS, C
0029   3001           00060         movlw 0x01
002A   0086           00061         movwf PORTB
002B   2046           00062         call retardo
002C                  00063 loop1:
002C   0D86           00064         rlf 0x06, 1
002D   2046           00065         call retardo
002E   1F86           00066         btfss PORTB, 7
002F   282C           00067         goto loop1
                      00068         
0030   280C           00069         goto lecturaEntrada     
                      00070         
0031                  00071 tablaValores:
0031   0782           00072         addwf PCL, 1
0032   3481           00073         retlw 0x81
0033   3442           00074         retlw 0x42
0034   3424           00075         retlw 0x24
0035   3418           00076         retlw 0x18
                      00077         
0036                  00078 centro:
0036   01A0           00079         clrf 0x20
0037                  00080 loop2:
0037   0820           00081         movf 0x20,0
0038   2031           00082         call tablaValores
0039   0AA0           00083         incf 0x20,1
003A   0086           00084         movwf PORTB 
003B   2046           00085         call retardo
003C   1E06           00086         btfss PORTB, 4
003D   2837           00087         goto loop2
                      00088         
003E   280C           00089         goto lecturaEntrada
                      00090 
003F                  00091 parpadeo:
003F   30FF           00092         movlw 0xff
0040   0086           00093         movwf 0x06
MPASM  5.51                   PRUEBA_LEDS.ASM   3-5-2019  6:46:51         PAGE  3


LOC  OBJECT CODE     LINE SOURCE TEXT
  VALUE

0041   2046           00094         call retardo
0042   3000           00095         movlw 0x00
0043   0086           00096         movwf 0x06
0044   2046           00097         call retardo
0045   280C           00098         goto lecturaEntrada
                      00099         
                      00100 
0046                  00101 retardo:
0046   3000           00102         movlw 0x00
0047   00A2           00103         movwf contador 
0048                  00104 ciclo:
0048   0BA2           00105         decfsz contador, 1
0049   2848           00106         goto ciclo
004A   0008           00107         return 
                      00108 
                      00109         end
MPASM  5.51                   PRUEBA_LEDS.ASM   3-5-2019  6:46:51         PAGE  4


SYMBOL TABLE
  LABEL                             VALUE 

ACKDT                             00000005
ACKEN                             00000004
ACKSTAT                           00000006
ADCON0                            0000001F
ADCON1                            0000009F
ADCS0                             00000006
ADCS1                             00000007
ADDEN                             00000003
ADFM                              00000007
ADIE                              00000006
ADIF                              00000006
ADON                              00000000
ADRESH                            0000001E
ADRESL                            0000009E
BCLIE                             00000003
BCLIF                             00000003
BF                                00000000
BRGH                              00000002
C                                 00000000
CCP1CON                           00000017
CCP1IE                            00000002
CCP1IF                            00000002
CCP1M0                            00000000
CCP1M1                            00000001
CCP1M2                            00000002
CCP1M3                            00000003
CCP1X                             00000005
CCP1Y                             00000004
CCP2CON                           0000001D
CCP2IE                            00000000
CCP2IF                            00000000
CCP2M0                            00000000
CCP2M1                            00000001
CCP2M2                            00000002
CCP2M3                            00000003
CCP2X                             00000005
CCP2Y                             00000004
CCPR1                             00000015
CCPR1H                            00000016
CCPR1L                            00000015
CCPR2                             0000001B
CCPR2H                            0000001C
CCPR2L                            0000001B
CHS0                              00000003
CHS1                              00000004
CHS2                              00000005
CKE                               00000006
CKP                               00000004
CREN                              00000004
CSRC                              00000007
D                                 00000005
DATA_ADDRESS                      00000005
DC                                00000001
MPASM  5.51                   PRUEBA_LEDS.ASM   3-5-2019  6:46:51         PAGE  5


SYMBOL TABLE
  LABEL                             VALUE 

D_A                               00000005
D_NOT_A                           00000005
EEADR                             0000010D
EEADRH                            0000010F
EECON1                            0000018C
EECON2                            0000018D
EEDATA                            0000010C
EEDATH                            0000010E
EEIE                              00000004
EEIF                              00000004
EEPGD                             00000007
F                                 00000001
FERR                              00000002
FSR                               00000004
GCEN                              00000007
GIE                               00000007
GO                                00000002
GO_DONE                           00000002
GO_NOT_DONE                       00000002
I2C_DATA                          00000005
I2C_READ                          00000002
I2C_START                         00000003
I2C_STOP                          00000004
IBF                               00000007
IBOV                              00000005
INDF                              00000000
INTCON                            0000000B
INTE                              00000004
INTEDG                            00000006
INTF                              00000001
IRP                               00000007
NOT_A                             00000005
NOT_ADDRESS                       00000005
NOT_BO                            00000000
NOT_BOR                           00000000
NOT_DONE                          00000002
NOT_PD                            00000003
NOT_POR                           00000001
NOT_RBPU                          00000007
NOT_RC8                           00000006
NOT_T1SYNC                        00000002
NOT_TO                            00000004
NOT_TX8                           00000006
NOT_W                             00000002
NOT_WRITE                         00000002
OBF                               00000006
OERR                              00000001
OPTION_REG                        00000081
P                                 00000004
PCFG0                             00000000
PCFG1                             00000001
PCFG2                             00000002
PCFG3                             00000003
MPASM  5.51                   PRUEBA_LEDS.ASM   3-5-2019  6:46:51         PAGE  6


SYMBOL TABLE
  LABEL                             VALUE 

PCL                               00000002
PCLATH                            0000000A
PCON                              0000008E
PEIE                              00000006
PEN                               00000002
PIE1                              0000008C
PIE2                              0000008D
PIR1                              0000000C
PIR2                              0000000D
PORTA                             00000005
PORTB                             00000006
PORTC                             00000007
PORTD                             00000008
PORTE                             00000009
PR2                               00000092
PS0                               00000000
PS1                               00000001
PS2                               00000002
PSA                               00000003
PSPIE                             00000007
PSPIF                             00000007
PSPMODE                           00000004
R                                 00000002
RA0                               00000000
RA1                               00000001
RA2                               00000002
RA3                               00000003
RA4                               00000004
RA5                               00000005
RB0                               00000000
RB1                               00000001
RB2                               00000002
RB3                               00000003
RB4                               00000004
RB5                               00000005
RB6                               00000006
RB7                               00000007
RBIE                              00000003
RBIF                              00000000
RC0                               00000000
RC1                               00000001
RC2                               00000002
RC3                               00000003
RC4                               00000004
RC5                               00000005
RC6                               00000006
RC7                               00000007
RC8_9                             00000006
RC9                               00000006
RCD8                              00000000
RCEN                              00000003
RCIE                              00000005
RCIF                              00000005
MPASM  5.51                   PRUEBA_LEDS.ASM   3-5-2019  6:46:51         PAGE  7


SYMBOL TABLE
  LABEL                             VALUE 

RCREG                             0000001A
RCSTA                             00000018
RD                                00000000
RD0                               00000000
RD1                               00000001
RD2                               00000002
RD3                               00000003
RD4                               00000004
RD5                               00000005
RD6                               00000006
RD7                               00000007
RE0                               00000000
RE1                               00000001
RE2                               00000002
READ_WRITE                        00000002
RP0                               00000005
RP1                               00000006
RSEN                              00000001
RX9                               00000006
RX9D                              00000000
R_NOT_W                           00000002
R_W                               00000002
S                                 00000003
SEN                               00000000
SMP                               00000007
SPBRG                             00000099
SPEN                              00000007
SREN                              00000005
SSPADD                            00000093
SSPBUF                            00000013
SSPCON                            00000014
SSPCON2                           00000091
SSPEN                             00000005
SSPIE                             00000003
SSPIF                             00000003
SSPM0                             00000000
SSPM1                             00000001
SSPM2                             00000002
SSPM3                             00000003
SSPOV                             00000006
SSPSTAT                           00000094
STATUS                            00000003
SYNC                              00000004
T0CS                              00000005
T0IE                              00000005
T0IF                              00000002
T0SE                              00000004
T1CKPS0                           00000004
T1CKPS1                           00000005
T1CON                             00000010
T1INSYNC                          00000002
T1OSCEN                           00000003
T1SYNC                            00000002
MPASM  5.51                   PRUEBA_LEDS.ASM   3-5-2019  6:46:51         PAGE  8


SYMBOL TABLE
  LABEL                             VALUE 

T2CKPS0                           00000000
T2CKPS1                           00000001
T2CON                             00000012
TMR0                              00000001
TMR0IE                            00000005
TMR0IF                            00000002
TMR1                              0000000E
TMR1CS                            00000001
TMR1H                             0000000F
TMR1IE                            00000000
TMR1IF                            00000000
TMR1L                             0000000E
TMR1ON                            00000000
TMR2                              00000011
TMR2IE                            00000001
TMR2IF                            00000001
TMR2ON                            00000002
TOUTPS0                           00000003
TOUTPS1                           00000004
TOUTPS2                           00000005
TOUTPS3                           00000006
TRISA                             00000085
TRISA0                            00000000
TRISA1                            00000001
TRISA2                            00000002
TRISA3                            00000003
TRISA4                            00000004
TRISA5                            00000005
TRISB                             00000086
TRISB0                            00000000
TRISB1                            00000001
TRISB2                            00000002
TRISB3                            00000003
TRISB4                            00000004
TRISB5                            00000005
TRISB6                            00000006
TRISB7                            00000007
TRISC                             00000087
TRISC0                            00000000
TRISC1                            00000001
TRISC2                            00000002
TRISC3                            00000003
TRISC4                            00000004
TRISC5                            00000005
TRISC6                            00000006
TRISC7                            00000007
TRISD                             00000088
TRISD0                            00000000
TRISD1                            00000001
TRISD2                            00000002
TRISD3                            00000003
TRISD4                            00000004
TRISD5                            00000005
MPASM  5.51                   PRUEBA_LEDS.ASM   3-5-2019  6:46:51         PAGE  9


SYMBOL TABLE
  LABEL                             VALUE 

TRISD6                            00000006
TRISD7                            00000007
TRISE                             00000089
TRISE0                            00000000
TRISE1                            00000001
TRISE2                            00000002
TRMT                              00000001
TX8_9                             00000006
TX9                               00000006
TX9D                              00000000
TXD8                              00000000
TXEN                              00000005
TXIE                              00000004
TXIF                              00000004
TXREG                             00000019
TXSTA                             00000098
UA                                00000001
W                                 00000000
WCOL                              00000007
WR                                00000001
WREN                              00000002
WRERR                             00000003
Z                                 00000002
_BODEN_OFF                        00003FBF
_BODEN_ON                         00003FFF
_BOREN_OFF                        00003FBF
_BOREN_ON                         00003FFF
_CONFIG                           00002007
_CPD_OFF                          00003FFF
_CPD_ON                           00003EFF
_CP_ALL                           00000FCF
_CP_HALF                          00001FDF
_CP_OFF                           00003FFF
_CP_UPPER_256                     00002FEF
_DEBUG_OFF                        00003FFF
_DEBUG_ON                         000037FF
_DEVID1                           00002006
_FOSC_EXTRC                       00003FFF
_FOSC_HS                          00003FFE
_FOSC_LP                          00003FFC
_FOSC_XT                          00003FFD
_HS_OSC                           00003FFE
_IDLOC0                           00002000
_IDLOC1                           00002001
_IDLOC2                           00002002
_IDLOC3                           00002003
_LP_OSC                           00003FFC
_LVP_OFF                          00003F7F
_LVP_ON                           00003FFF
_PWRTE_OFF                        00003FFF
_PWRTE_ON                         00003FF7
_RC_OSC                           00003FFF
_WDTE_OFF                         00003FFB
MPASM  5.51                   PRUEBA_LEDS.ASM   3-5-2019  6:46:51         PAGE 10


SYMBOL TABLE
  LABEL                             VALUE 

_WDTE_ON                          00003FFF
_WDT_OFF                          00003FFB
_WDT_ON                           00003FFF
_WRT_ENABLE_OFF                   00003DFF
_WRT_ENABLE_ON                    00003FFF
_WRT_OFF                          00003DFF
_WRT_ON                           00003FFF
_XT_OSC                           00003FFD
__16F877A                         00000001
centro                            00000036
ciclo                             00000048
contador                          00000022
corrimientoD                      0000001F
corrimientoI                      00000028
entrada                           00000021
inicio                            00000005
lecturaEntrada                    0000000C
loop                              00000023
loop1                             0000002C
loop2                             00000037
parpadeo                          0000003F
retardo                           00000046
tablaValores                      00000031


MEMORY USAGE MAP ('X' = Used,  '-' = Unused)

0000 : X----XXXXXXXXXXX XXXXXXXXXXXXXXXX XXXXXXXXXXXXXXXX XXXXXXXXXXXXXXXX
0040 : XXXXXXXXXXX----- ---------------- ---------------- ----------------

All other memory blocks unused.

Program Memory Words Used:    71
Program Memory Words Free:  8121


Errors   :     0
Warnings :     0 reported,     0 suppressed
Messages :     4 reported,     0 suppressed

